<?xml version="1.0" encoding="UTF-8"?>
<!-- Generated by org.testng.reporters.JUnitXMLReporter -->
<testsuite ignored="0" hostname="XEY-PC-PRASANKA" failures="0" tests="4" name="Default test" time="44.598" errors="0" timestamp="2026-01-03T20:35:59 IST">
  <testcase classname="udemy.ExplicitWaitDemo" name="verifyAlert" time="5.441"/>
  <testcase classname="udemy.ExplicitWaitDemo" name="verifyButtonAvailable" time="10.213"/>
  <testcase classname="udemy.ExplicitWaitDemo" name="verifyElementSelectedTest" time="10.168"/>
  <testcase classname="udemy.ExplicitWaitDemo" name="verifyTestPresent" time="10.19"/>
</testsuite> <!-- Default test -->
