<?xml version="1.0" encoding="UTF-8"?>
<testng-results ignored="0" total="1" passed="1" failed="0" skipped="0">
  <reporter-output>
  </reporter-output>
  <suite started-at="2026-01-17T22:16:33 IST" name="Default suite" finished-at="2026-01-17T22:16:50 IST" duration-ms="17762">
    <groups>
    </groups>
    <test started-at="2026-01-17T22:16:33 IST" name="Default test" finished-at="2026-01-17T22:16:50 IST" duration-ms="17762">
      <class name="udemy.FileUpload">
        <test-method is-config="true" signature="openWebsite()[pri:0, instance:udemy.FileUpload@6ca8564a]" started-at="2026-01-17T22:16:33 IST" name="openWebsite" finished-at="2026-01-17T22:16:39 IST" duration-ms="6669" status="PASS">
          <reporter-output>
          </reporter-output>
        </test-method> <!-- openWebsite -->
        <test-method signature="uploadFileTest()[pri:0, instance:udemy.FileUpload@6ca8564a]" started-at="2026-01-17T22:16:39 IST" name="uploadFileTest" finished-at="2026-01-17T22:16:50 IST" duration-ms="10683" status="PASS">
          <reporter-output>
          </reporter-output>
        </test-method> <!-- uploadFileTest -->
        <test-method is-config="true" signature="closeBrowser()[pri:0, instance:udemy.FileUpload@6ca8564a]" started-at="2026-01-17T22:16:50 IST" name="closeBrowser" finished-at="2026-01-17T22:16:50 IST" duration-ms="378" status="PASS">
          <reporter-output>
          </reporter-output>
        </test-method> <!-- closeBrowser -->
      </class> <!-- udemy.FileUpload -->
    </test> <!-- Default test -->
  </suite> <!-- Default suite -->
</testng-results>
