<?xml version="1.0" encoding="UTF-8"?>
<testng-results ignored="0" total="1" passed="1" failed="0" skipped="0">
  <reporter-output>
  </reporter-output>
  <suite started-at="2026-01-07T07:23:17 IST" name="Default suite" finished-at="2026-01-07T07:24:10 IST" duration-ms="53169">
    <groups>
    </groups>
    <test started-at="2026-01-07T07:23:17 IST" name="Default test" finished-at="2026-01-07T07:24:10 IST" duration-ms="53169">
      <class name="udemy.ExtractWebPagePart">
        <test-method is-config="true" signature="openApplication()[pri:0, instance:udemy.ExtractWebPagePart@636be97c]" started-at="2026-01-07T07:23:17 IST" name="openApplication" finished-at="2026-01-07T07:24:05 IST" duration-ms="47957" status="PASS">
          <reporter-output>
          </reporter-output>
        </test-method> <!-- openApplication -->
        <test-method signature="extractPart()[pri:0, instance:udemy.ExtractWebPagePart@636be97c]" started-at="2026-01-07T07:24:05 IST" name="extractPart" finished-at="2026-01-07T07:24:07 IST" duration-ms="1426" status="PASS">
          <reporter-output>
          </reporter-output>
        </test-method> <!-- extractPart -->
        <test-method is-config="true" signature="finish()[pri:0, instance:udemy.ExtractWebPagePart@636be97c]" started-at="2026-01-07T07:24:07 IST" name="finish" finished-at="2026-01-07T07:24:10 IST" duration-ms="3707" status="PASS">
          <reporter-output>
          </reporter-output>
        </test-method> <!-- finish -->
      </class> <!-- udemy.ExtractWebPagePart -->
    </test> <!-- Default test -->
  </suite> <!-- Default suite -->
</testng-results>
