<?xml version="1.0" encoding="UTF-8"?>
<!-- Generated by org.testng.reporters.JUnitReportReporter -->
<testsuite hostname="XEY-PC-PRASANKA" failures="0" tests="2" name="udemy.OpenBrowserDynamically" time="12.824" errors="0" timestamp="2026-01-02T12:16:36 IST" skipped="0">
  <testcase classname="udemy.OpenBrowserDynamically" name="VerifyFBTitle" time="6.174"/>
  <testcase classname="udemy.OpenBrowserDynamically" name="VerifyMVNTitle" time="6.650"/>
</testsuite> <!-- udemy.OpenBrowserDynamically -->
