<?xml version="1.0" encoding="UTF-8"?>
<!-- Generated by org.testng.reporters.JUnitReportReporter -->
<testsuite hostname="XEY-PC-PRASANKA" failures="0" tests="2" name="udemy.SeleniumWithMultipleBrowsers" time="36.856" errors="0" timestamp="2026-01-02T07:35:02 IST" skipped="0">
  <testcase classname="udemy.SeleniumWithMultipleBrowsers" name="OpenInChrome" time="12.522"/>
  <testcase classname="udemy.SeleniumWithMultipleBrowsers" name="OpenInFirefox" time="24.334"/>
</testsuite> <!-- udemy.SeleniumWithMultipleBrowsers -->
