<?xml version="1.0" encoding="UTF-8"?>
<!-- Generated by org.testng.reporters.JUnitReportReporter -->
<testsuite hostname="XEY-PC-PRASANKA" failures="0" tests="4" name="udemy.ExplicitWaitDemo" time="44.534" errors="0" timestamp="2026-01-03T20:35:59 IST" skipped="0">
  <testcase classname="udemy.ExplicitWaitDemo" name="verifyElementSelectedTest" time="11.977"/>
  <testcase classname="udemy.ExplicitWaitDemo" name="verifyTestPresent" time="12.012"/>
  <testcase classname="udemy.ExplicitWaitDemo" name="verifyAlert" time="8.494"/>
  <testcase classname="udemy.ExplicitWaitDemo" name="verifyButtonAvailable" time="12.051"/>
</testsuite> <!-- udemy.ExplicitWaitDemo -->
